[GIN] 2025/06/30 - 15:38:49 | 200 |    1.242166ms |             ::1 | GET      "/swagger/index.html"
[GIN] 2025/06/30 - 15:38:49 | 200 |       946.5µs |             ::1 | GET      "/swagger/swagger-ui.css"
[GIN] 2025/06/30 - 15:38:49 | 200 |     774.583µs |             ::1 | GET      "/swagger/swagger-ui-standalone-preset.js"
[GIN] 2025/06/30 - 15:38:49 | 200 |    9.172292ms |             ::1 | GET      "/swagger/swagger-ui-bundle.js"
[GIN] 2025/06/30 - 15:38:49 | 200 |     159.709µs |             ::1 | GET      "/swagger/doc.json"
[GIN] 2025/06/30 - 15:38:49 | 200 |    2.589792ms |             ::1 | GET      "/swagger/favicon-32x32.png"
[INFO][log.go:111]2025/06/30 15:40:57 /Users/mye/Git/jingliange_server/internal/repo/about.go:34
[44.136ms] [rows:3] SELECT * FROM `activity` WHERE status = 1 AND create_time > 0 ORDER BY create_time DESC LIMIT 10
[GIN] 2025/06/30 - 15:40:57 | 200 |  179.675708ms |             ::1 | POST     "/api/v1/getActivityList"
[GIN] 2025/06/30 - 15:41:18 | 404 |         625ns |             ::1 | POST     "/api/v1/getDescription"
[GIN] 2025/06/30 - 15:41:39 | 404 |         708ns |             ::1 | POST     "/api/v1/GetDescription"
[GIN] 2025/06/30 - 15:41:59 | 404 |         750ns |             ::1 | POST     "/api/v1/getDescription"
[GIN] 2025/06/30 - 15:42:04 | 200 |       27.75µs |             ::1 | GET      "/api/v1/getDescription"
[ERROR][upload.go:30]2025/06/30 15:42:19 UploadImage: FormFile error http: no such file <nil>
[GIN] 2025/06/30 - 15:42:19 | 400 |     365.167µs |             ::1 | POST     "/uploadImage"
[GIN] 2025/06/30 - 15:50:06 | 200 |     168.416µs |             ::1 | GET      "/swagger/index.html"
[GIN] 2025/06/30 - 15:50:06 | 304 |      54.875µs |             ::1 | GET      "/swagger/swagger-ui-bundle.js"
[GIN] 2025/06/30 - 15:50:06 | 304 |      53.292µs |             ::1 | GET      "/swagger/swagger-ui.css"
[GIN] 2025/06/30 - 15:50:06 | 304 |      26.625µs |             ::1 | GET      "/swagger/swagger-ui-standalone-preset.js"
[GIN] 2025/06/30 - 15:50:06 | 200 |     220.208µs |             ::1 | GET      "/swagger/doc.json"
[GIN] 2025/06/30 - 15:50:06 | 304 |      43.208µs |             ::1 | GET      "/swagger/favicon-32x32.png"
[ERROR][upload.go:30]2025/06/30 22:05:18 UploadImage: FormFile error http: no such file <nil>
[GIN] 2025/06/30 - 22:05:18 | 400 |    8.700916ms |             ::1 | POST     "/uploadImage"
[ERROR][upload.go:30]2025/06/30 22:06:10 UploadImage: FormFile error http: no such file <nil>
[GIN] 2025/06/30 - 22:06:10 | 400 |     801.042µs |             ::1 | POST     "/uploadImage"
[ERROR][upload.go:30]2025/06/30 22:06:32 UploadImage: FormFile error http: no such file <nil>
[GIN] 2025/06/30 - 22:06:32 | 400 |  2.067298333s |             ::1 | POST     "/uploadImage"
[DEBUG][image.go:63]2025/06/30 22:07:13 CheckImageSize size:  1009370
[INFO][upload.go:77]2025/06/30 22:07:13 UploadImage: Image uploaded successfully 06d80eb0c50b49a509b49f2424e8c805.jpg <nil>
[INFO][log.go:111]2025/06/30 22:07:19 /Users/mye/Git/jingliange_server/internal/repo/image.go:15 Error 1292 (22007): Incorrect datetime value: '0000-00-00' for column 'create_time' at row 1
[80.879ms] [rows:0] INSERT INTO `images` (`address`,`desc`,`status`,`top_pic`,`type`,`create_time`,`update_time`) VALUES ('http://49.234.22.169:8000/uploads/images/06d80eb0c50b49a509b49f2424e8c805.jpg','小狗图片',1,1,1,'0000-00-00 00:00:00','0000-00-00 00:00:00')
[ERROR][upload.go:83]2025/06/30 22:07:19 UploadImage: SaveImageToDB error Error 1292 (22007): Incorrect datetime value: '0000-00-00' for column 'create_time' at row 1 <nil>
[GIN] 2025/06/30 - 22:07:19 | 500 | 10.011298208s |             ::1 | POST     "/uploadImage"
[DEBUG][image.go:63]2025/06/30 22:09:02 CheckImageSize size:  1009370
[INFO][upload.go:77]2025/06/30 22:09:02 UploadImage: Image uploaded successfully 06d80eb0c50b49a509b49f2424e8c805.jpg <nil>
[INFO][log.go:111]2025/06/30 22:09:05 /Users/mye/Git/jingliange_server/internal/repo/image.go:15
[95.625ms] [rows:1] INSERT INTO `images` (`address`,`desc`,`status`,`top_pic`,`type`) VALUES ('http://49.234.22.169:8000/uploads/images/06d80eb0c50b49a509b49f2424e8c805.jpg','小狗图片',1,1,1)
[INFO][upload.go:147]2025/06/30 22:09:05 SaveImageToDB: Image URL saved successfully http://49.234.22.169:8000/uploads/images/06d80eb0c50b49a509b49f2424e8c805.jpg <nil>
[GIN] 2025/06/30 - 22:09:09 | 200 |   9.63213575s |             ::1 | POST     "/uploadImage"
