[GIN] 2025/07/03 - 21:23:59 | 200 |     751.583µs |             ::1 | GET      "/swagger/index.html"
[GIN] 2025/07/03 - 21:23:59 | 200 |    2.851125ms |             ::1 | GET      "/swagger/swagger-ui-standalone-preset.js"
[GIN] 2025/07/03 - 21:23:59 | 200 |      80.209µs |             ::1 | GET      "/swagger/swagger-ui.css"
[GIN] 2025/07/03 - 21:23:59 | 200 |        4.61ms |             ::1 | GET      "/swagger/swagger-ui-bundle.js"
[GIN] 2025/07/03 - 21:23:59 | 200 |     371.167µs |             ::1 | GET      "/swagger/doc.json"
[GIN] 2025/07/03 - 21:26:19 | 200 |     705.458µs |             ::1 | GET      "/swagger/index.html"
[GIN] 2025/07/03 - 21:26:19 | 200 |     271.625µs |             ::1 | GET      "/swagger/swagger-ui.css"
[GIN] 2025/07/03 - 21:26:19 | 200 |     366.292µs |             ::1 | GET      "/swagger/swagger-ui-standalone-preset.js"
[GIN] 2025/07/03 - 21:26:19 | 200 |    2.561958ms |             ::1 | GET      "/swagger/swagger-ui-bundle.js"
[GIN] 2025/07/03 - 21:26:19 | 200 |     313.291µs |             ::1 | GET      "/swagger/doc.json"
[GIN] 2025/07/03 - 21:26:19 | 200 |    4.289292ms |             ::1 | GET      "/swagger/favicon-32x32.png"
[GIN] 2025/07/03 - 21:26:22 | 200 |     119.958µs |             ::1 | GET      "/swagger/index.html"
[GIN] 2025/07/03 - 21:26:22 | 304 |       29.75µs |             ::1 | GET      "/swagger/swagger-ui.css"
[GIN] 2025/07/03 - 21:26:22 | 304 |          20µs |             ::1 | GET      "/swagger/swagger-ui-bundle.js"
[GIN] 2025/07/03 - 21:26:22 | 304 |         179µs |             ::1 | GET      "/swagger/swagger-ui-standalone-preset.js"
[GIN] 2025/07/03 - 21:26:22 | 200 |         239µs |             ::1 | GET      "/swagger/doc.json"
[GIN] 2025/07/03 - 21:26:22 | 304 |      46.584µs |             ::1 | GET      "/swagger/favicon-32x32.png"
[GIN] 2025/07/03 - 21:26:24 | 200 |         122µs |             ::1 | GET      "/swagger/index.html"
[GIN] 2025/07/03 - 21:26:24 | 304 |      20.125µs |             ::1 | GET      "/swagger/swagger-ui.css"
[GIN] 2025/07/03 - 21:26:24 | 304 |          16µs |             ::1 | GET      "/swagger/swagger-ui-standalone-preset.js"
[GIN] 2025/07/03 - 21:26:24 | 304 |      68.541µs |             ::1 | GET      "/swagger/swagger-ui-bundle.js"
[GIN] 2025/07/03 - 21:26:24 | 200 |       215.5µs |             ::1 | GET      "/swagger/doc.json"
[GIN] 2025/07/03 - 21:26:24 | 304 |      19.333µs |             ::1 | GET      "/swagger/favicon-32x32.png"
[GIN] 2025/07/03 - 21:27:18 | 200 |      770.75µs |             ::1 | GET      "/swagger/index.html"
[GIN] 2025/07/03 - 21:27:18 | 200 |     208.458µs |             ::1 | GET      "/swagger/swagger-ui.css"
[GIN] 2025/07/03 - 21:27:18 | 200 |         382µs |             ::1 | GET      "/swagger/swagger-ui-standalone-preset.js"
[GIN] 2025/07/03 - 21:27:18 | 200 |    3.695834ms |             ::1 | GET      "/swagger/swagger-ui-bundle.js"
[GIN] 2025/07/03 - 21:27:18 | 200 |     296.791µs |             ::1 | GET      "/swagger/doc.json"
[GIN] 2025/07/03 - 21:27:18 | 200 |     2.54425ms |             ::1 | GET      "/swagger/favicon-32x32.png"
[GIN] 2025/07/03 - 21:27:42 | 200 |     196.708µs |             ::1 | GET      "/swagger/index.html"
[GIN] 2025/07/03 - 21:27:42 | 304 |      25.166µs |             ::1 | GET      "/swagger/swagger-ui.css"
[GIN] 2025/07/03 - 21:27:42 | 304 |      46.042µs |             ::1 | GET      "/swagger/swagger-ui-bundle.js"
[GIN] 2025/07/03 - 21:27:42 | 304 |      23.709µs |             ::1 | GET      "/swagger/swagger-ui-standalone-preset.js"
[GIN] 2025/07/03 - 21:27:42 | 200 |     177.958µs |             ::1 | GET      "/swagger/doc.json"
[GIN] 2025/07/03 - 21:27:42 | 304 |      53.292µs |             ::1 | GET      "/swagger/favicon-32x32.png"
[GIN] 2025/07/03 - 21:30:08 | 200 |      634.25µs |             ::1 | GET      "/swagger/index.html"
[GIN] 2025/07/03 - 21:30:08 | 200 |     203.291µs |             ::1 | GET      "/swagger/swagger-ui.css"
[GIN] 2025/07/03 - 21:30:08 | 200 |     205.417µs |             ::1 | GET      "/swagger/swagger-ui-standalone-preset.js"
[GIN] 2025/07/03 - 21:30:08 | 200 |    3.220667ms |             ::1 | GET      "/swagger/swagger-ui-bundle.js"
[GIN] 2025/07/03 - 21:30:08 | 200 |       54.75µs |             ::1 | GET      "/swagger/index.html"
[GIN] 2025/07/03 - 21:30:08 | 304 |      28.292µs |             ::1 | GET      "/swagger/swagger-ui.css"
[GIN] 2025/07/03 - 21:30:08 | 304 |      17.375µs |             ::1 | GET      "/swagger/swagger-ui-bundle.js"
[GIN] 2025/07/03 - 21:30:08 | 304 |      24.542µs |             ::1 | GET      "/swagger/swagger-ui-standalone-preset.js"
[GIN] 2025/07/03 - 21:30:08 | 200 |     156.416µs |             ::1 | GET      "/swagger/doc.json"
[GIN] 2025/07/03 - 21:30:08 | 200 |    1.071917ms |             ::1 | GET      "/swagger/favicon-32x32.png"
[GIN] 2025/07/03 - 21:31:53 | 400 |  143.466583ms |             ::1 | POST     "/api/v1/menu/getMenu"
[INFO][log.go:111]2025/07/03 21:33:39 /Users/mye/Git/jingliange_server/internal/repo/menu.go:27
[59.315ms] [rows:0] SELECT * FROM `menu` LIMIT 10
[GIN] 2025/07/03 - 21:33:39 | 200 |  224.356083ms |             ::1 | POST     "/api/v1/menu/getMenu"
[GIN] 2025/07/03 - 21:34:27 | 400 |  132.318333ms |             ::1 | POST     "/api/admin/uploadMenuItem"
[GIN] 2025/07/03 - 21:36:47 | 400 |     123.868ms |             ::1 | POST     "/api/admin/uploadMenuItem?name=%E8%B1%86%E8%85%90%E6%B1%A4&image_url=http://localhost:8000/img.png&desc=%E8%B1%86%E8%85%90%E5%81%9A%E7%9A%84%E6%B1%A4&nutrition={%22%E8%9B%8B%E7%99%BD%E8%B4%A8%E2%80%9C:%22123g%22,%20%22%E8%84%82%E8%82%AA%22:%221g%22}&ingredients={%22%E8%B1%86%E8%85%90%E2%80%9C,%20%22%E6%B0%B4%22}"
[GIN] 2025/07/03 - 21:36:49 | 400 |  139.079875ms |             ::1 | POST     "/api/admin/uploadMenuItem?name=%E8%B1%86%E8%85%90%E6%B1%A4&image_url=http://localhost:8000/img.png&desc=%E8%B1%86%E8%85%90%E5%81%9A%E7%9A%84%E6%B1%A4&nutrition={%22%E8%9B%8B%E7%99%BD%E8%B4%A8%E2%80%9C:%22123g%22,%20%22%E8%84%82%E8%82%AA%22:%221g%22}&ingredients={%22%E8%B1%86%E8%85%90%E2%80%9C,%20%22%E6%B0%B4%22}"
[GIN] 2025/07/03 - 21:43:19 | 400 |  120.830625ms |             ::1 | POST     "/api/admin/uploadMenuItem?name=%E8%B1%86%E8%85%90%E6%B1%A4&image_url=http://localhost:8000/img.png&desc=%E8%B1%86%E8%85%90%E5%81%9A%E7%9A%84%E6%B1%A4&nutrition={%22%E8%9B%8B%E7%99%BD%E8%B4%A8%E2%80%9C:%22123g%22,%20%22%E8%84%82%E8%82%AA%22:%221g%22}&ingredients={%22%E8%B1%86%E8%85%90%E2%80%9C,%20%22%E6%B0%B4%22}"
[GIN] 2025/07/03 - 21:43:35 | 200 |    2.382833ms |             ::1 | GET      "/swagger/index.html"
[GIN] 2025/07/03 - 21:43:35 | 200 |     229.708µs |             ::1 | GET      "/swagger/swagger-ui.css"
[GIN] 2025/07/03 - 21:43:35 | 200 |         766µs |             ::1 | GET      "/swagger/swagger-ui-standalone-preset.js"
[GIN] 2025/07/03 - 21:43:35 | 200 |    4.172083ms |             ::1 | GET      "/swagger/swagger-ui-bundle.js"
[GIN] 2025/07/03 - 21:43:35 | 200 |     132.166µs |             ::1 | GET      "/swagger/doc.json"
[GIN] 2025/07/03 - 21:43:35 | 200 |    3.250709ms |             ::1 | GET      "/swagger/favicon-32x32.png"
[GIN] 2025/07/03 - 21:44:13 | 400 |     170.531ms |             ::1 | POST     "/api/admin/uploadMenuItem?name=%E8%B1%86%E8%85%90%E6%B1%A4&image_url=http://localhost:8000/img.png&desc=%E8%B1%86%E8%85%90%E5%81%9A%E7%9A%84%E6%B1%A4&nutrition={%22%E8%9B%8B%E7%99%BD%E8%B4%A8%E2%80%9C:%22123g%22,%20%22%E8%84%82%E8%82%AA%22:%221g%22}&ingredients={%22%E8%B1%86%E8%85%90%E2%80%9C,%20%22%E6%B0%B4%22}"
[GIN] 2025/07/03 - 21:48:07 | 400 |   143.22625ms |             ::1 | POST     "/api/admin/uploadMenuItem?name=%E8%B1%86%E8%85%90%E6%B1%A4&image_url=http://localhost:8000/img.png&desc=%E8%B1%86%E8%85%90%E5%81%9A%E7%9A%84%E6%B1%A4&nutrition={%22%E8%9B%8B%E7%99%BD%E8%B4%A8%E2%80%9C:%22123g%22,%20%22%E8%84%82%E8%82%AA%22:%221g%22}&ingredients={%22%E8%B1%86%E8%85%90%E2%80%9C,%20%22%E6%B0%B4%22}"
[GIN] 2025/07/03 - 21:48:29 | 400 |  128.539125ms |             ::1 | POST     "/api/admin/uploadMenuItem?name=%E8%B1%86%E8%85%90%E6%B1%A4&image_url=http://localhost:8000/img.png&desc=%E8%B1%86%E8%85%90%E5%81%9A%E7%9A%84%E6%B1%A4&nutrition={%22%E8%9B%8B%E7%99%BD%E8%B4%A8%E2%80%9C:%22123g%22,%20%22%E8%84%82%E8%82%AA%22:%221g%22}&ingredients={%22%E8%B1%86%E8%85%90%E2%80%9C,%20%22%E6%B0%B4%22}"
[GIN] 2025/07/03 - 21:49:44 | 400 |  141.160583ms |             ::1 | POST     "/api/admin/uploadMenuItem?name=%E8%B1%86%E8%85%90%E6%B1%A4&image_url=http://localhost:8000/img.png&desc=%E8%B1%86%E8%85%90%E5%81%9A%E7%9A%84%E6%B1%A4&nutrition={%22%E8%9B%8B%E7%99%BD%E8%B4%A8%E2%80%9C:%22123g%22,%20%22%E8%84%82%E8%82%AA%22:%221g%22}&ingredients={%22%E8%B1%86%E8%85%90%E2%80%9C,%20%22%E6%B0%B4%22}"
[INFO][log.go:111]2025/07/03 21:51:12 /Users/mye/Git/jingliange_server/internal/repo/menu.go:60
[133.175ms] [rows:1] INSERT INTO `menu` (`name`,`image_url`,`desc`,`nutrition`,`ingredients`,`status`) VALUES ('紫菜汤','/images/menu.jpg','美味的菜品','{"protein": "10g", "carbs": "20g", "fat": "5g"}','{"rice": "200g", "tofu": "100g"}',0)
[GIN] 2025/07/03 - 21:51:12 | 200 |  299.090875ms |             ::1 | POST     "/api/admin/uploadMenuItem?name=%E8%B1%86%E8%85%90%E6%B1%A4&image_url=http://localhost:8000/img.png&desc=%E8%B1%86%E8%85%90%E5%81%9A%E7%9A%84%E6%B1%A4&nutrition={%22%E8%9B%8B%E7%99%BD%E8%B4%A8%E2%80%9C:%22123g%22,%20%22%E8%84%82%E8%82%AA%22:%221g%22}&ingredients={%22%E8%B1%86%E8%85%90%E2%80%9C,%20%22%E6%B0%B4%22}"
[GIN] 2025/07/03 - 21:55:10 | 200 |      519.25µs |             ::1 | GET      "/swagger/index.html"
[GIN] 2025/07/03 - 21:55:10 | 200 |      343.75µs |             ::1 | GET      "/swagger/swagger-ui.css"
[GIN] 2025/07/03 - 21:55:10 | 200 |       3.768ms |             ::1 | GET      "/swagger/swagger-ui-standalone-preset.js"
[GIN] 2025/07/03 - 21:55:10 | 200 |    5.913417ms |             ::1 | GET      "/swagger/swagger-ui-bundle.js"
[GIN] 2025/07/03 - 21:55:10 | 200 |     244.958µs |             ::1 | GET      "/swagger/doc.json"
[GIN] 2025/07/03 - 21:55:10 | 200 |      3.3315ms |             ::1 | GET      "/swagger/favicon-32x32.png"
[GIN] 2025/07/03 - 21:55:11 | 200 |     129.041µs |             ::1 | GET      "/swagger/index.html"
[GIN] 2025/07/03 - 21:55:11 | 200 |     125.542µs |             ::1 | GET      "/swagger/doc.json"
[INFO][log.go:111]2025/07/03 21:56:56 /Users/mye/Git/jingliange_server/internal/repo/menu.go:27
[46.689ms] [rows:1] SELECT * FROM `menu` LIMIT 10
[GIN] 2025/07/03 - 21:56:56 | 200 |    178.4835ms |             ::1 | POST     "/api/v1/menu/getMenu"
[INFO][log.go:111]2025/07/03 21:57:12 /Users/mye/Git/jingliange_server/internal/repo/menu.go:27
[41.165ms] [rows:0] SELECT * FROM `menu` WHERE `desc` LIKE '%紫菜%' LIMIT 10
[GIN] 2025/07/03 - 21:57:12 | 200 |  167.687541ms |             ::1 | POST     "/api/v1/menu/getMenu?name=%E7%B4%AB%E8%8F%9C"
[INFO][log.go:111]2025/07/03 21:57:49 /Users/mye/Git/jingliange_server/internal/repo/menu.go:60
[87.541ms] [rows:1] INSERT INTO `menu` (`name`,`image_url`,`desc`,`nutrition`,`ingredients`,`status`) VALUES ('紫菜汤蛋花汤','/images/menu.jpg','美味的菜品','{"protein": "10g", "carbs": "20g", "fat": "5g"}','{"rice": "200g", "tofu": "100g"}',0)
[GIN] 2025/07/03 - 21:57:49 | 200 |  244.547916ms |             ::1 | POST     "/api/admin/uploadMenuItem?name=%E8%B1%86%E8%85%90%E6%B1%A4&image_url=http://localhost:8000/img.png&desc=%E8%B1%86%E8%85%90%E5%81%9A%E7%9A%84%E6%B1%A4&nutrition={%22%E8%9B%8B%E7%99%BD%E8%B4%A8%E2%80%9C:%22123g%22,%20%22%E8%84%82%E8%82%AA%22:%221g%22}&ingredients={%22%E8%B1%86%E8%85%90%E2%80%9C,%20%22%E6%B0%B4%22}"
[INFO][log.go:111]2025/07/03 22:00:39 /Users/mye/Git/jingliange_server/internal/repo/menu.go:60
[108.352ms] [rows:1] INSERT INTO `menu` (`name`,`image_url`,`desc`,`nutrition`,`ingredients`,`status`) VALUES ('紫菜汤蛋花汤','/images/menu.jpg','美味的菜品','{"protein": "10g", "carbs": "20g", "fat": "5g"}','{"rice": "200g", "tofu": "100g"}',0)
[GIN] 2025/07/03 - 22:00:39 | 200 |  244.417208ms |             ::1 | POST     "/api/admin/uploadMenuItem?name=%E8%B1%86%E8%85%90%E6%B1%A4&image_url=http://localhost:8000/img.png&desc=%E8%B1%86%E8%85%90%E5%81%9A%E7%9A%84%E6%B1%A4&nutrition={%22%E8%9B%8B%E7%99%BD%E8%B4%A8%E2%80%9C:%22123g%22,%20%22%E8%84%82%E8%82%AA%22:%221g%22}&ingredients={%22%E8%B1%86%E8%85%90%E2%80%9C,%20%22%E6%B0%B4%22}"
[INFO][log.go:111]2025/07/03 22:00:43 /Users/mye/Git/jingliange_server/internal/repo/menu.go:27
[37.255ms] [rows:0] SELECT * FROM `menu` WHERE `desc` LIKE '%紫菜%' LIMIT 10
[GIN] 2025/07/03 - 22:00:43 | 200 |   162.19625ms |             ::1 | POST     "/api/v1/menu/getMenu?name=%E7%B4%AB%E8%8F%9C"
[INFO][log.go:111]2025/07/03 22:00:45 /Users/mye/Git/jingliange_server/internal/repo/menu.go:27
[46.329ms] [rows:0] SELECT * FROM `menu` WHERE `desc` LIKE '%紫菜%' LIMIT 10
[GIN] 2025/07/03 - 22:00:45 | 200 |  201.910875ms |             ::1 | POST     "/api/v1/menu/getMenu?name=%E7%B4%AB%E8%8F%9C"
[INFO][log.go:111]2025/07/03 22:01:16 /Users/mye/Git/jingliange_server/internal/repo/menu.go:27
[46.843ms] [rows:0] SELECT * FROM `menu` WHERE `desc` LIKE '%紫菜%' LIMIT 10
[GIN] 2025/07/03 - 22:01:16 | 200 |  198.211958ms |             ::1 | POST     "/api/v1/menu/getMenu?pageSize=10&pageNumber=0&name=%E7%B4%AB%E8%8F%9C"
[INFO][log.go:111]2025/07/03 22:03:43 /Users/mye/Git/jingliange_server/internal/repo/menu.go:27
[38.832ms] [rows:0] SELECT * FROM `menu` WHERE status = 1 AND ((name LIKE '%紫菜%' OR `desc` LIKE '%紫菜%')) LIMIT 10
[GIN] 2025/07/03 - 22:03:43 | 200 |      160.36ms |             ::1 | POST     "/api/v1/menu/getMenu?pageSize=10&pageNumber=0&name=%E7%B4%AB%E8%8F%9C"
[INFO][log.go:111]2025/07/03 22:03:44 /Users/mye/Git/jingliange_server/internal/repo/menu.go:27
[38.921ms] [rows:0] SELECT * FROM `menu` WHERE status = 1 AND ((name LIKE '%紫菜%' OR `desc` LIKE '%紫菜%')) LIMIT 10
[GIN] 2025/07/03 - 22:03:44 | 200 |  194.963375ms |             ::1 | POST     "/api/v1/menu/getMenu?pageSize=10&pageNumber=0&name=%E7%B4%AB%E8%8F%9C"
[INFO][log.go:111]2025/07/03 22:03:45 /Users/mye/Git/jingliange_server/internal/repo/menu.go:27
[107.702ms] [rows:0] SELECT * FROM `menu` WHERE status = 1 AND ((name LIKE '%紫菜%' OR `desc` LIKE '%紫菜%')) LIMIT 10
[GIN] 2025/07/03 - 22:03:45 | 200 |  248.515125ms |             ::1 | POST     "/api/v1/menu/getMenu?pageSize=10&pageNumber=0&name=%E7%B4%AB%E8%8F%9C"
[INFO][log.go:111]2025/07/03 22:04:03 /Users/mye/Git/jingliange_server/internal/repo/menu.go:27
[58.691ms] [rows:0] SELECT * FROM `menu` WHERE status = 1 AND ((name LIKE '%紫菜汤%' OR `desc` LIKE '%紫菜汤%')) LIMIT 10
[GIN] 2025/07/03 - 22:04:03 | 200 |   290.10325ms |             ::1 | POST     "/api/v1/menu/getMenu?pageSize=10&pageNumber=0&name=%E7%B4%AB%E8%8F%9C%E6%B1%A4"
[INFO][log.go:111]2025/07/03 22:04:04 /Users/mye/Git/jingliange_server/internal/repo/menu.go:27
[37.927ms] [rows:0] SELECT * FROM `menu` WHERE status = 1 AND ((name LIKE '%紫菜汤%' OR `desc` LIKE '%紫菜汤%')) LIMIT 10
[GIN] 2025/07/03 - 22:04:04 | 200 |  163.385459ms |             ::1 | POST     "/api/v1/menu/getMenu?pageSize=10&pageNumber=0&name=%E7%B4%AB%E8%8F%9C%E6%B1%A4"
[INFO][log.go:111]2025/07/03 22:04:45 /Users/mye/Git/jingliange_server/internal/repo/menu.go:62
[40.942ms] [rows:0] SELECT * FROM `menu` WHERE name = '紫菜汤蛋花汤' AND status = 1 ORDER BY `menu`.`id` LIMIT 1
[INFO][log.go:111]2025/07/03 22:04:45 /Users/mye/Git/jingliange_server/internal/repo/menu.go:74
[100.276ms] [rows:1] INSERT INTO `menu` (`name`,`image_url`,`desc`,`nutrition`,`ingredients`,`status`) VALUES ('紫菜汤蛋花汤','/images/menu.jpg','美味的菜品','{"protein": "10g", "carbs": "20g", "fat": "5g"}','{"rice": "200g", "tofu": "100g"}',1)
[GIN] 2025/07/03 - 22:04:45 | 200 |  270.332917ms |             ::1 | POST     "/api/admin/uploadMenuItem?name=%E8%B1%86%E8%85%90%E6%B1%A4&image_url=http://localhost:8000/img.png&desc=%E8%B1%86%E8%85%90%E5%81%9A%E7%9A%84%E6%B1%A4&nutrition={%22%E8%9B%8B%E7%99%BD%E8%B4%A8%E2%80%9C:%22123g%22,%20%22%E8%84%82%E8%82%AA%22:%221g%22}&ingredients={%22%E8%B1%86%E8%85%90%E2%80%9C,%20%22%E6%B0%B4%22}"
[INFO][log.go:111]2025/07/03 22:07:08 /Users/mye/Git/jingliange_server/internal/repo/menu.go:62
[43.262ms] [rows:0] SELECT * FROM `menu` WHERE name = '紫菜汤蛋花汤' AND status = 1 ORDER BY `menu`.`id` LIMIT 1
[INFO][log.go:111]2025/07/03 22:07:08 /Users/mye/Git/jingliange_server/internal/repo/menu.go:74 Error 1146 (42S02): Table 'jlg.menus' doesn't exist
[66.055ms] [rows:0] INSERT INTO `menus` (`name`,`image_url`,`desc`,`nutrition`,`ingredients`,`status`) VALUES ('紫菜汤蛋花汤','/images/menu.jpg','美味的菜品','{"protein": "10g", "carbs": "20g", "fat": "5g"}','{"rice": "200g", "tofu": "100g"}',1)
[GIN] 2025/07/03 - 22:07:08 | 500 |  251.609125ms |             ::1 | POST     "/api/admin/uploadMenuItem?name=%E8%B1%86%E8%85%90%E6%B1%A4&image_url=http://localhost:8000/img.png&desc=%E8%B1%86%E8%85%90%E5%81%9A%E7%9A%84%E6%B1%A4&nutrition={%22%E8%9B%8B%E7%99%BD%E8%B4%A8%E2%80%9C:%22123g%22,%20%22%E8%84%82%E8%82%AA%22:%221g%22}&ingredients={%22%E8%B1%86%E8%85%90%E2%80%9C,%20%22%E6%B0%B4%22}"
[INFO][log.go:111]2025/07/03 22:08:26 /Users/mye/Git/jingliange_server/internal/repo/menu.go:62
[39.263ms] [rows:0] SELECT * FROM `menu` WHERE name = '紫菜汤蛋花汤' AND status = 1 ORDER BY `menu`.`id` LIMIT 1
[INFO][log.go:111]2025/07/03 22:08:26 /Users/mye/Git/jingliange_server/internal/repo/menu.go:74 Error 1146 (42S02): Table 'jlg.menus' doesn't exist
[65.417ms] [rows:0] INSERT INTO `menus` (`name`,`image_url`,`desc`,`nutrition`,`ingredients`,`status`) VALUES ('紫菜汤蛋花汤','/images/menu.jpg','美味的菜品','{"protein": "10g", "carbs": "20g", "fat": "5g"}','{"rice": "200g", "tofu": "100g"}',1)
[GIN] 2025/07/03 - 22:08:26 | 500 |  227.874125ms |             ::1 | POST     "/api/admin/uploadMenuItem?name=%E8%B1%86%E8%85%90%E6%B1%A4&image_url=http://localhost:8000/img.png&desc=%E8%B1%86%E8%85%90%E5%81%9A%E7%9A%84%E6%B1%A4&nutrition={%22%E8%9B%8B%E7%99%BD%E8%B4%A8%E2%80%9C:%22123g%22,%20%22%E8%84%82%E8%82%AA%22:%221g%22}&ingredients={%22%E8%B1%86%E8%85%90%E2%80%9C,%20%22%E6%B0%B4%22}"
[INFO][log.go:111]2025/07/03 22:10:04 /Users/mye/Git/jingliange_server/internal/repo/menu.go:62
[42.599ms] [rows:0] SELECT * FROM `menu` WHERE name = '紫菜汤蛋花汤' AND status = 1 ORDER BY `menu`.`id` LIMIT 1
[INFO][log.go:111]2025/07/03 22:10:04 /Users/mye/Git/jingliange_server/internal/repo/menu.go:74
[92.731ms] [rows:1] INSERT INTO `menu` (`name`,`image_url`,`desc`,`nutrition`,`ingredients`,`status`) VALUES ('紫菜汤蛋花汤','/images/menu.jpg','美味的菜品','{"protein": "10g", "carbs": "20g", "fat": "5g"}','{"rice": "200g", "tofu": "100g"}',1)
[GIN] 2025/07/03 - 22:10:04 | 200 |   366.45075ms |             ::1 | POST     "/api/admin/uploadMenuItem?name=%E8%B1%86%E8%85%90%E6%B1%A4&image_url=http://localhost:8000/img.png&desc=%E8%B1%86%E8%85%90%E5%81%9A%E7%9A%84%E6%B1%A4&nutrition={%22%E8%9B%8B%E7%99%BD%E8%B4%A8%E2%80%9C:%22123g%22,%20%22%E8%84%82%E8%82%AA%22:%221g%22}&ingredients={%22%E8%B1%86%E8%85%90%E2%80%9C,%20%22%E6%B0%B4%22}"
[INFO][log.go:111]2025/07/03 22:10:10 /Users/mye/Git/jingliange_server/internal/repo/menu.go:62
[41.332ms] [rows:0] SELECT * FROM `menu` WHERE name = '紫菜' AND status = 1 ORDER BY `menu`.`id` LIMIT 1
[INFO][log.go:111]2025/07/03 22:10:10 /Users/mye/Git/jingliange_server/internal/repo/menu.go:74
[108.654ms] [rows:1] INSERT INTO `menu` (`name`,`image_url`,`desc`,`nutrition`,`ingredients`,`status`) VALUES ('紫菜','/images/menu.jpg','美味的菜品','{"protein": "10g", "carbs": "20g", "fat": "5g"}','{"rice": "200g", "tofu": "100g"}',1)
[GIN] 2025/07/03 - 22:10:10 | 200 |   308.09975ms |             ::1 | POST     "/api/admin/uploadMenuItem?name=%E8%B1%86%E8%85%90%E6%B1%A4&image_url=http://localhost:8000/img.png&desc=%E8%B1%86%E8%85%90%E5%81%9A%E7%9A%84%E6%B1%A4&nutrition={%22%E8%9B%8B%E7%99%BD%E8%B4%A8%E2%80%9C:%22123g%22,%20%22%E8%84%82%E8%82%AA%22:%221g%22}&ingredients={%22%E8%B1%86%E8%85%90%E2%80%9C,%20%22%E6%B0%B4%22}"
[INFO][log.go:111]2025/07/03 22:10:26 /Users/mye/Git/jingliange_server/internal/repo/menu.go:27
[39.964ms] [rows:1] SELECT * FROM `menu` WHERE status = 1 AND ((name LIKE '%紫菜汤%' OR `desc` LIKE '%紫菜汤%')) LIMIT 10
[GIN] 2025/07/03 - 22:10:26 | 200 |  160.148084ms |             ::1 | POST     "/api/v1/menu/getMenu?pageSize=10&pageNumber=0&name=%E7%B4%AB%E8%8F%9C%E6%B1%A4"
[INFO][log.go:111]2025/07/03 22:10:30 /Users/mye/Git/jingliange_server/internal/repo/menu.go:27
[44.899ms] [rows:2] SELECT * FROM `menu` WHERE status = 1 AND ((name LIKE '%紫菜%' OR `desc` LIKE '%紫菜%')) LIMIT 10
[GIN] 2025/07/03 - 22:10:30 | 200 |  173.673208ms |             ::1 | POST     "/api/v1/menu/getMenu?pageSize=10&pageNumber=0&name=%E7%B4%AB%E8%8F%9C"
[GIN] 2025/07/03 - 22:22:46 | 200 |     661.125µs |             ::1 | GET      "/swagger/index.html"
[GIN] 2025/07/03 - 22:22:46 | 200 |     275.416µs |             ::1 | GET      "/swagger/swagger-ui.css"
[GIN] 2025/07/03 - 22:22:46 | 200 |     342.459µs |             ::1 | GET      "/swagger/swagger-ui-standalone-preset.js"
[GIN] 2025/07/03 - 22:22:46 | 200 |    4.878583ms |             ::1 | GET      "/swagger/swagger-ui-bundle.js"
[GIN] 2025/07/03 - 22:22:46 | 200 |     294.791µs |             ::1 | GET      "/swagger/doc.json"
[GIN] 2025/07/03 - 22:22:46 | 200 |    2.950916ms |             ::1 | GET      "/swagger/favicon-32x32.png"
[GIN] 2025/07/03 - 22:26:55 | 200 |     356.084µs |             ::1 | GET      "/swagger/index.html"
[GIN] 2025/07/03 - 22:26:55 | 200 |     193.459µs |             ::1 | GET      "/swagger/swagger-ui.css"
[GIN] 2025/07/03 - 22:26:55 | 200 |     390.375µs |             ::1 | GET      "/swagger/swagger-ui-standalone-preset.js"
[GIN] 2025/07/03 - 22:26:55 | 200 |    2.038917ms |             ::1 | GET      "/swagger/swagger-ui-bundle.js"
[GIN] 2025/07/03 - 22:26:55 | 200 |      192.25µs |             ::1 | GET      "/swagger/doc.json"
[GIN] 2025/07/03 - 22:26:55 | 200 |    1.071625ms |             ::1 | GET      "/swagger/favicon-32x32.png"
[GIN] 2025/07/03 - 22:31:34 | 404 |         916ns |             ::1 | POST     "/api/v1/getActivityList"
[INFO][log.go:111]2025/07/03 22:32:24 /Users/mye/Git/jingliange_server/internal/repo/about.go:34
[44.336ms] [rows:3] SELECT * FROM `activity` WHERE status = 1 AND create_time > 0 ORDER BY create_time DESC LIMIT 10
[GIN] 2025/07/03 - 22:32:24 | 200 |  181.872375ms |             ::1 | POST     "/api/v1/about/getActivityList"
