[INFO][jwt_middleware.go:29]2025/07/11 15:13:27 JWT中间件 - 提取到token: eyJhbGciOiJIUzI1NiIs...
[ERROR][jwt_middleware.go:38]2025/07/11 15:13:27 JWT中间件 - token解析失败: signature is invalid
[ERROR][jwt_middleware.go:49]2025/07/11 15:13:27 JWT中间件 - 认证失败, 错误码: 20003
[GIN] 2025/07/11 - 15:13:27 | 401 |     846.583µs |             ::1 | POST     "/api/v1/donation/createDonation"
[INFO][donation.go:262]2025/07/11 15:13:33 AuthUser - 开始处理用户认证请求
[INFO][donation.go:281]2025/07/11 15:13:34 AuthUser - 认证用户: wulongcha
[INFO][donation.go:291]2025/07/11 15:13:34 AuthUser - 开始创建或更新用户记录
[INFO][log.go:111]2025/07/11 15:13:34 /Users/mye/Git/jingliange_server/internal/repo/donation.go:150
[46.964ms] [rows:1] SELECT * FROM `user` WHERE id = 'wulongcha' AND `user`.`id` = 'wulongcha' ORDER BY `user`.`id` LIMIT 1
[INFO][donation.go:299]2025/07/11 15:13:34 AuthUser - 开始生成JWT token
[INFO][donation.go:313]2025/07/11 15:13:34 AuthUser - 用户认证成功, 用户ID: wulongcha
[GIN] 2025/07/11 - 15:13:34 | 200 |     1.060194s |             ::1 | POST     "/api/v1/auth/login"
[INFO][jwt_middleware.go:29]2025/07/11 15:13:43 JWT中间件 - 提取到token: eyJhbGciOiJIUzI1NiIs...
[INFO][jwt_middleware.go:43]2025/07/11 15:13:43 JWT中间件 - token验证成功, 用户ID: wulongcha
[INFO][donation.go:119]2025/07/11 15:13:43 CreateDonation - 开始处理创建捐款记录请求
[INFO][donation.go:138]2025/07/11 15:13:43 CreateDonation - 获取到用户ID: wulongcha
[INFO][donation.go:148]2025/07/11 15:13:43 CreateDonation - 请求参数: donor_name=小黑, amount=100.00, message=汪汪
[INFO][donation.go:187]2025/07/11 15:13:43 CreateDonation - 开始创建捐款记录
[INFO][log.go:111]2025/07/11 15:13:43 /Users/mye/Git/jingliange_server/internal/repo/donation.go:90
[153.909ms] [rows:1] INSERT INTO `donation` (`user_id`,`donor_name`,`amount`,`donate_time`,`is_visible`,`message`,`remarks`) VALUES ('wulongcha','小黑',100,'2025-07-11 15:13:43.257',1,'汪汪','')
[INFO][donation.go:194]2025/07/11 15:13:43 CreateDonation - 成功创建捐款记录, 用户: wulongcha 金额: 100
[GIN] 2025/07/11 - 15:13:43 | 200 |  267.692583ms |             ::1 | POST     "/api/v1/donation/createDonation"
[GIN] 2025/07/11 - 15:14:57 | 200 |     211.709µs |             ::1 | GET      "/api/v1/about/getDescription"
