[INFO][about.go:26]2025/06/29 17:07:58 测试日志是否能写入文件
[INFO][about.go:26]2025/06/29 17:07:59 测试日志是否能写入文件
[INFO][about.go:26]2025/06/29 17:10:41 测试日志是否能写入文件
[GIN] 2025/06/29 - 17:10:41 | 200 |     437.625µs |             ::1 | GET      "/api/v1/getDescription"
[INFO][about.go:26]2025/06/29 17:10:42 测试日志是否能写入文件
[GIN] 2025/06/29 - 17:10:42 | 200 |      86.542µs |             ::1 | GET      "/api/v1/getDescription"
[GIN] 2025/06/29 - 17:41:34 | 500 |  197.176333ms |             ::1 | GET      "/api/v1/getDescription"
[GIN] 2025/06/29 - 17:43:05 | 200 |       163.5µs |             ::1 | GET      "/api/v1/getDescription"
[GIN] 2025/06/29 - 17:57:50 | 404 |         583ns |             ::1 | GET      "/api/v1/getActivityList"
[GIN] 2025/06/29 - 17:58:34 | 200 |     151.834µs |             ::1 | GET      "/api/v1/getActivityList"
[GIN] 2025/06/29 - 17:58:53 | 200 |       247.5µs |             ::1 | GET      "/api/v1/getActivityList"
[GIN] 2025/06/29 - 17:58:54 | 200 |      16.459µs |             ::1 | GET      "/api/v1/getActivityList"
[GIN] 2025/06/29 - 17:59:37 | 500 |  147.481792ms |             ::1 | GET      "/api/v1/getActivityList"
[GIN] 2025/06/29 - 18:07:18 | 200 |  181.473333ms |             ::1 | GET      "/api/v1/getActivityList"
[GIN] 2025/06/29 - 18:10:39 | 200 |  172.897667ms |             ::1 | GET      "/api/v1/getActivityList"
[GIN] 2025/06/29 - 18:13:09 | 200 |  196.464666ms |             ::1 | GET      "/api/v1/getActivityList"
[INFO][log.go:111]2025/06/29 18:16:30 /Users/mye/Git/jingliange_server/internal/repo/about.go:34
[37.662ms] [rows:3] SELECT * FROM `activity` WHERE status = 1 AND create_time > 0 ORDER BY create_time DESC LIMIT 10
[GIN] 2025/06/29 - 18:16:30 | 200 |   154.62325ms |             ::1 | GET      "/api/v1/getActivityList"
[INFO][log.go:111]2025/06/29 18:16:31 /Users/mye/Git/jingliange_server/internal/repo/about.go:34
[43.992ms] [rows:3] SELECT * FROM `activity` WHERE status = 1 AND create_time > 0 ORDER BY create_time DESC LIMIT 10
[GIN] 2025/06/29 - 18:16:31 | 200 |  181.068541ms |             ::1 | GET      "/api/v1/getActivityList"
[GIN] 2025/06/29 - 21:46:20 | 200 |     504.041µs |             ::1 | GET      "/swagger/index.html"
[GIN] 2025/06/29 - 21:46:20 | 200 |     111.625µs |             ::1 | GET      "/swagger/swagger-ui.css"
[GIN] 2025/06/29 - 21:46:20 | 200 |     679.417µs |             ::1 | GET      "/swagger/swagger-ui-standalone-preset.js"
[GIN] 2025/06/29 - 21:46:20 | 200 |    4.344917ms |             ::1 | GET      "/swagger/swagger-ui-bundle.js"
[GIN] 2025/06/29 - 21:46:20 | 200 |     201.541µs |             ::1 | GET      "/swagger/doc.json"
[INFO][log.go:111]2025/06/29 21:46:43 /Users/mye/Git/jingliange_server/internal/repo/about.go:34
[40.209ms] [rows:3] SELECT * FROM `activity` WHERE status = 1 AND create_time > 0 ORDER BY create_time DESC LIMIT 10
[GIN] 2025/06/29 - 21:46:43 | 200 |    163.5855ms |             ::1 | GET      "/api/v1/getActivityList"
[GIN] 2025/06/29 - 22:12:00 | 200 |     1.29875ms |             ::1 | GET      "/swagger/index.html"
[GIN] 2025/06/29 - 22:12:00 | 200 |     440.834µs |             ::1 | GET      "/swagger/swagger-ui.css"
[GIN] 2025/06/29 - 22:12:00 | 200 |     402.667µs |             ::1 | GET      "/swagger/swagger-ui-standalone-preset.js"
[GIN] 2025/06/29 - 22:12:00 | 200 |    2.183917ms |             ::1 | GET      "/swagger/swagger-ui-bundle.js"
[GIN] 2025/06/29 - 22:12:00 | 200 |     259.792µs |             ::1 | GET      "/swagger/doc.json"
[GIN] 2025/06/29 - 22:12:00 | 200 |    2.795084ms |             ::1 | GET      "/swagger/favicon-32x32.png"
[GIN] 2025/06/29 - 22:41:05 | 200 |       718.5µs |             ::1 | GET      "/swagger/index.html"
[GIN] 2025/06/29 - 22:41:05 | 200 |       165.5µs |             ::1 | GET      "/swagger/swagger-ui.css"
[GIN] 2025/06/29 - 22:41:05 | 200 |     547.292µs |             ::1 | GET      "/swagger/swagger-ui-standalone-preset.js"
[GIN] 2025/06/29 - 22:41:05 | 200 |    5.781375ms |             ::1 | GET      "/swagger/swagger-ui-bundle.js"
[GIN] 2025/06/29 - 22:41:05 | 200 |     162.917µs |             ::1 | GET      "/swagger/doc.json"
[GIN] 2025/06/29 - 22:41:05 | 200 |    3.099875ms |             ::1 | GET      "/swagger/favicon-32x32.png"
[GIN] 2025/06/29 - 22:45:17 | 200 |     590.709µs |             ::1 | GET      "/swagger/index.html"
[GIN] 2025/06/29 - 22:45:17 | 200 |     205.416µs |             ::1 | GET      "/swagger/swagger-ui.css"
[GIN] 2025/06/29 - 22:45:17 | 200 |     208.959µs |             ::1 | GET      "/swagger/swagger-ui-standalone-preset.js"
[GIN] 2025/06/29 - 22:45:17 | 200 |     4.46025ms |             ::1 | GET      "/swagger/swagger-ui-bundle.js"
[GIN] 2025/06/29 - 22:45:17 | 200 |     244.291µs |             ::1 | GET      "/swagger/doc.json"
[GIN] 2025/06/29 - 22:45:17 | 200 |    3.982916ms |             ::1 | GET      "/swagger/favicon-32x32.png"
[GIN] 2025/06/29 - 23:05:57 | 404 |       1.041µs |             ::1 | POST     "/api/v1/uploadImage"
[GIN] 2025/06/29 - 23:06:30 | 400 |    1.524583ms |             ::1 | POST     "/uploadImage"
[GIN] 2025/06/29 - 23:07:14 | 400 |    2.221459ms |             ::1 | POST     "/uploadImage"
[GIN] 2025/06/29 - 23:14:50 | 400 | 59.733417334s |             ::1 | POST     "/uploadImage"
[GIN] 2025/06/29 - 23:15:00 | 400 |  4.246529666s |             ::1 | POST     "/uploadImage"
[GIN] 2025/06/29 - 23:15:32 | 400 |  6.257899542s |             ::1 | POST     "/uploadImage"
[GIN] 2025/06/29 - 23:16:52 | 400 |  3.378369291s |             ::1 | POST     "/uploadImage"
[DEBUG][image.go:49]2025/06/29 23:17:48 CheckImageExt ext:  .jpg
[GIN] 2025/06/29 - 23:17:48 | 400 |  2.897495125s |             ::1 | POST     "/uploadImage"
[DEBUG][image.go:50]2025/06/29 23:18:28 CheckImageExt ext:  .jpg
[GIN] 2025/06/29 - 23:18:28 | 400 |  3.477724125s |             ::1 | POST     "/uploadImage"
[DEBUG][image.go:63]2025/06/29 23:20:21 CheckImageSize size:  1009370
[INFO][upload.go:84]2025/06/29 23:20:21 UploadImage: Image uploaded successfully 06d80eb0c50b49a509b49f2424e8c805.jpg <nil>
[INFO][log.go:111]2025/06/29 23:20:21 /Users/mye/Git/jingliange_server/internal/repo/image.go:14 Error 1406 (22001): Data too long for column 'address' at row 1
[88.778ms] [rows:0] INSERT INTO `images` (`address`,`desc`,`status`,`top_pic`,`type`,`create_time`,`update_time`) VALUES ('http://49.234.22.169:8000/uploads/images/06d80eb0c50b49a509b49f2424e8c805.jpg','小狗图片',1,1,1,'0000-00-00 00:00:00','0000-00-00 00:00:00')
[ERROR][upload.go:144]2025/06/29 23:20:21 SaveImageToDB: SaveImageUrlToDB error Error 1406 (22001): Data too long for column 'address' at row 1 <nil>
[ERROR][upload.go:89]2025/06/29 23:20:21 UploadImage: SaveImageToDB error Error 1406 (22001): Data too long for column 'address' at row 1 <nil>
[GIN] 2025/06/29 - 23:20:21 | 200 |  2.681479333s |             ::1 | POST     "/uploadImage"
[DEBUG][image.go:63]2025/06/29 23:22:15 CheckImageSize size:  1009370
[INFO][upload.go:84]2025/06/29 23:22:15 UploadImage: Image uploaded successfully 06d80eb0c50b49a509b49f2424e8c805.jpg <nil>
[INFO][log.go:111]2025/06/29 23:22:20 /Users/mye/Git/jingliange_server/internal/repo/image.go:14 Error 1406 (22001): Data too long for column 'address' at row 1
[86.383ms] [rows:0] INSERT INTO `images` (`address`,`desc`,`status`,`top_pic`,`type`,`create_time`,`update_time`) VALUES ('http://49.234.22.169:8000/uploads/images/06d80eb0c50b49a509b49f2424e8c805.jpg','小狗图片',1,1,1,'0000-00-00 00:00:00','0000-00-00 00:00:00')
[ERROR][upload.go:144]2025/06/29 23:22:20 SaveImageToDB: SaveImageUrlToDB error Error 1406 (22001): Data too long for column 'address' at row 1 <nil>
[DEBUG][image.go:63]2025/06/29 23:24:01 CheckImageSize size:  1009370
[INFO][upload.go:84]2025/06/29 23:24:01 UploadImage: Image uploaded successfully 06d80eb0c50b49a509b49f2424e8c805.jpg <nil>
[INFO][log.go:111]2025/06/29 23:24:02 /Users/mye/Git/jingliange_server/internal/repo/image.go:14 Error 1406 (22001): Data too long for column 'address' at row 1
[78.218ms] [rows:0] INSERT INTO `images` (`address`,`desc`,`status`,`top_pic`,`type`,`create_time`,`update_time`) VALUES ('http://49.234.22.169:8000/uploads/images/06d80eb0c50b49a509b49f2424e8c805.jpg','小狗图片',1,1,1,'0000-00-00 00:00:00','0000-00-00 00:00:00')
[ERROR][upload.go:144]2025/06/29 23:24:02 SaveImageToDB: SaveImageUrlToDB error Error 1406 (22001): Data too long for column 'address' at row 1 <nil>
[ERROR][upload.go:89]2025/06/29 23:24:02 UploadImage: SaveImageToDB error Error 1406 (22001): Data too long for column 'address' at row 1 <nil>
[GIN] 2025/06/29 - 23:24:02 | 200 |  4.408293791s |             ::1 | POST     "/uploadImage"
[DEBUG][image.go:63]2025/06/29 23:26:21 CheckImageSize size:  1009370
[INFO][upload.go:77]2025/06/29 23:26:21 UploadImage: Image uploaded successfully 06d80eb0c50b49a509b49f2424e8c805.jpg <nil>
[INFO][log.go:111]2025/06/29 23:26:23 /Users/mye/Git/jingliange_server/internal/repo/image.go:14 Error 1292 (22007): Incorrect datetime value: '0000-00-00' for column 'create_time' at row 1
[84.560ms] [rows:0] INSERT INTO `images` (`address`,`desc`,`status`,`top_pic`,`type`,`create_time`,`update_time`) VALUES ('http://49.234.22.169:8000/uploads/images/06d80eb0c50b49a509b49f2424e8c805.jpg','小狗图片',1,1,1,'0000-00-00 00:00:00','0000-00-00 00:00:00')
[ERROR][upload.go:144]2025/06/29 23:26:23 SaveImageToDB: SaveImageUrlToDB error Error 1292 (22007): Incorrect datetime value: '0000-00-00' for column 'create_time' at row 1 <nil>
[ERROR][upload.go:83]2025/06/29 23:26:23 UploadImage: SaveImageToDB error Error 1292 (22007): Incorrect datetime value: '0000-00-00' for column 'create_time' at row 1 <nil>
[GIN] 2025/06/29 - 23:26:23 | 500 |   7.42291775s |             ::1 | POST     "/uploadImage"
[DEBUG][image.go:63]2025/06/29 23:27:02 CheckImageSize size:  1009370
[INFO][upload.go:77]2025/06/29 23:27:11 UploadImage: Image uploaded successfully 06d80eb0c50b49a509b49f2424e8c805.jpg <nil>
[INFO][log.go:111]2025/06/29 23:27:18 /Users/mye/Git/jingliange_server/internal/repo/image.go:14 Error 1292 (22007): Incorrect datetime value: '0000-00-00' for column 'create_time' at row 1
[84.732ms] [rows:0] INSERT INTO `images` (`address`,`desc`,`status`,`top_pic`,`type`,`create_time`,`update_time`) VALUES ('http://49.234.22.169:8000/uploads/images/06d80eb0c50b49a509b49f2424e8c805.jpg','小狗图片',1,1,1,'0000-00-00 00:00:00','0000-00-00 00:00:00')
[ERROR][upload.go:144]2025/06/29 23:27:18 SaveImageToDB: SaveImageUrlToDB error Error 1292 (22007): Incorrect datetime value: '0000-00-00' for column 'create_time' at row 1 <nil>
[DEBUG][image.go:63]2025/06/29 23:28:06 CheckImageSize size:  1009370
[INFO][upload.go:77]2025/06/29 23:28:09 UploadImage: Image uploaded successfully 06d80eb0c50b49a509b49f2424e8c805.jpg <nil>
[INFO][log.go:111]2025/06/29 23:28:12 /Users/mye/Git/jingliange_server/internal/repo/image.go:14 Error 1292 (22007): Incorrect datetime value: '0000-00-00' for column 'create_time' at row 1
[241.471ms] [rows:0] INSERT INTO `images` (`address`,`desc`,`status`,`top_pic`,`type`,`create_time`,`update_time`) VALUES ('http://49.234.22.169:8000/uploads/images/06d80eb0c50b49a509b49f2424e8c805.jpg','小狗图片',1,1,1,'0000-00-00 00:00:00','0000-00-00 00:00:00')
[ERROR][upload.go:144]2025/06/29 23:28:12 SaveImageToDB: SaveImageUrlToDB error Error 1292 (22007): Incorrect datetime value: '0000-00-00' for column 'create_time' at row 1 <nil>
[DEBUG][image.go:63]2025/06/29 23:30:09 CheckImageSize size:  1009370
[INFO][upload.go:77]2025/06/29 23:30:09 UploadImage: Image uploaded successfully 06d80eb0c50b49a509b49f2424e8c805.jpg <nil>
[INFO][log.go:111]2025/06/29 23:30:09 /Users/mye/Git/jingliange_server/internal/repo/image.go:14 Error 1292 (22007): Incorrect datetime value: '0000-00-00' for column 'create_time' at row 1
[96.116ms] [rows:0] INSERT INTO `images` (`address`,`desc`,`status`,`top_pic`,`type`,`create_time`,`update_time`) VALUES ('http://49.234.22.169:8000/uploads/images/06d80eb0c50b49a509b49f2424e8c805.jpg','小狗图片',1,1,1,'0000-00-00 00:00:00','0000-00-00 00:00:00')
[ERROR][upload.go:144]2025/06/29 23:30:09 SaveImageToDB: SaveImageUrlToDB error Error 1292 (22007): Incorrect datetime value: '0000-00-00' for column 'create_time' at row 1 <nil>
[ERROR][upload.go:83]2025/06/29 23:30:09 UploadImage: SaveImageToDB error Error 1292 (22007): Incorrect datetime value: '0000-00-00' for column 'create_time' at row 1 <nil>
[GIN] 2025/06/29 - 23:30:09 | 500 |  248.196792ms |             ::1 | POST     "/uploadImage"
[DEBUG][image.go:63]2025/06/29 23:30:55 CheckImageSize size:  1009370
[INFO][upload.go:77]2025/06/29 23:30:55 UploadImage: Image uploaded successfully 06d80eb0c50b49a509b49f2424e8c805.jpg <nil>
[INFO][log.go:111]2025/06/29 23:30:55 /Users/mye/Git/jingliange_server/internal/repo/image.go:14 Error 1292 (22007): Incorrect datetime value: '0000-00-00' for column 'create_time' at row 1
[84.915ms] [rows:0] INSERT INTO `images` (`address`,`desc`,`status`,`top_pic`,`type`,`create_time`,`update_time`) VALUES ('http://49.234.22.169:8000/uploads/images/06d80eb0c50b49a509b49f2424e8c805.jpg','小狗图片',1,1,1,'0000-00-00 00:00:00','0000-00-00 00:00:00')
[ERROR][upload.go:145]2025/06/29 23:30:55 SaveImageToDB: SaveImageUrlToDB error Error 1292 (22007): Incorrect datetime value: '0000-00-00' for column 'create_time' at row 1 <nil>
[ERROR][upload.go:83]2025/06/29 23:30:55 UploadImage: SaveImageToDB error Error 1292 (22007): Incorrect datetime value: '0000-00-00' for column 'create_time' at row 1 <nil>
[GIN] 2025/06/29 - 23:30:55 | 500 |  224.072959ms |             ::1 | POST     "/uploadImage"
